This is pdfTeX, Version 3.1415926-2.5-1.40.14 (MiKTeX 2.9 64-bit) (preloaded format=pdflatex 2015.4.9)  19 JAN 2016 15:53
entering extended mode
**bss_chris_stifter_group07.tex

("C:\Users\stiftech.UNI-AUGSBURG\Desktop\Google Drive\Studium\intsim\Booyaa Fin
al Report Template\Booyaa Final Report Template\bss_chris_stifter_group07.tex"
LaTeX2e <2011/06/27>
Babel <v3.8m> and hyphenation patterns for english, afrikaans, ancientgreek, ar
abic, armenian, assamese, basque, bengali, bokmal, bulgarian, catalan, coptic, 
croatian, czech, danish, dutch, esperanto, estonian, farsi, finnish, french, ga
lician, german, german-x-2013-05-26, greek, gujarati, hindi, hungarian, iceland
ic, indonesian, interlingua, irish, italian, kannada, kurmanji, latin, latvian,
 lithuanian, malayalam, marathi, mongolian, mongolianlmc, monogreek, ngerman, n
german-x-2013-05-26, nynorsk, oriya, panjabi, pinyin, polish, portuguese, roman
ian, russian, sanskrit, serbian, slovak, slovenian, spanish, swedish, swissgerm
an, tamil, telugu, turkish, turkmen, ukenglish, ukrainian, uppersorbian, usengl
ishmax, welsh, loaded.

("C:\Users\stiftech.UNI-AUGSBURG\Desktop\Google Drive\Studium\intsim\Booyaa Fin
al Report Template\Booyaa Final Report Template\sig-alternate-05-2015.cls"
(C:\miktex.2.9\tex\latex\graphics\epsfig.sty
Package: epsfig 1999/02/16 v1.7a (e)psfig emulation (SPQR)

(C:\miktex.2.9\tex\latex\graphics\graphicx.sty
Package: graphicx 1999/02/16 v1.0f Enhanced LaTeX Graphics (DPC,SPQR)

(C:\miktex.2.9\tex\latex\graphics\keyval.sty
Package: keyval 1999/03/16 v1.13 key=value parser (DPC)
\KV@toks@=\toks14
)
(C:\miktex.2.9\tex\latex\graphics\graphics.sty
Package: graphics 2009/02/05 v1.0o Standard LaTeX Graphics (DPC,SPQR)

(C:\miktex.2.9\tex\latex\graphics\trig.sty
Package: trig 1999/03/16 v1.09 sin cos tan (DPC)
)
(C:\miktex.2.9\tex\latex\00miktex\graphics.cfg
File: graphics.cfg 2007/01/18 v1.5 graphics configuration of teTeX/TeXLive
)
Package graphics Info: Driver file: pdftex.def on input line 91.

(C:\miktex.2.9\tex\latex\pdftex-def\pdftex.def
File: pdftex.def 2011/05/27 v0.06d Graphics/color for pdfTeX

(C:\miktex.2.9\tex\generic\oberdiek\infwarerr.sty
Package: infwarerr 2010/04/08 v1.3 Providing info/warning/error messages (HO)
)
(C:\miktex.2.9\tex\generic\oberdiek\ltxcmds.sty
Package: ltxcmds 2011/11/09 v1.22 LaTeX kernel commands for general use (HO)
)
\Gread@gobject=\count79
))
\Gin@req@height=\dimen102
\Gin@req@width=\dimen103
)
\epsfxsize=\dimen104
\epsfysize=\dimen105
)
(C:\miktex.2.9\tex\latex\amsfonts\amssymb.sty
Package: amssymb 2013/01/14 v3.01 AMS font symbols

(C:\miktex.2.9\tex\latex\amsfonts\amsfonts.sty
Package: amsfonts 2013/01/14 v3.01 Basic AMSFonts support
\@emptytoks=\toks15
\symAMSa=\mathgroup4
\symAMSb=\mathgroup5
LaTeX Font Info:    Overwriting math alphabet `\mathfrak' in version `bold'
(Font)                  U/euf/m/n --> U/euf/b/n on input line 106.
))
(C:\miktex.2.9\tex\latex\amsmath\amsmath.sty
Package: amsmath 2013/01/14 v2.14 AMS math features
\@mathmargin=\skip41

For additional information on amsmath, use the `?' option.
(C:\miktex.2.9\tex\latex\amsmath\amstext.sty
Package: amstext 2000/06/29 v2.01

(C:\miktex.2.9\tex\latex\amsmath\amsgen.sty
File: amsgen.sty 1999/11/30 v2.0
\@emptytoks=\toks16
\ex@=\dimen106
))
(C:\miktex.2.9\tex\latex\amsmath\amsbsy.sty
Package: amsbsy 1999/11/29 v1.2d
\pmbraise@=\dimen107
)
(C:\miktex.2.9\tex\latex\amsmath\amsopn.sty
Package: amsopn 1999/12/14 v2.01 operator names
)
\inf@bad=\count80
LaTeX Info: Redefining \frac on input line 210.
\uproot@=\count81
\leftroot@=\count82
LaTeX Info: Redefining \overline on input line 306.
\classnum@=\count83
\DOTSCASE@=\count84
LaTeX Info: Redefining \ldots on input line 378.
LaTeX Info: Redefining \dots on input line 381.
LaTeX Info: Redefining \cdots on input line 466.
\Mathstrutbox@=\box26
\strutbox@=\box27
\big@size=\dimen108
LaTeX Font Info:    Redeclaring font encoding OML on input line 566.
LaTeX Font Info:    Redeclaring font encoding OMS on input line 567.
\macc@depth=\count85
\c@MaxMatrixCols=\count86
\dotsspace@=\muskip10
\c@parentequation=\count87
\dspbrk@lvl=\count88
\tag@help=\toks17
\row@=\count89
\column@=\count90
\maxfields@=\count91
\andhelp@=\toks18
\eqnshift@=\dimen109
\alignsep@=\dimen110
\tagshift@=\dimen111
\tagwidth@=\dimen112
\totwidth@=\dimen113
\lineht@=\dimen114
\@envbody=\toks19
\multlinegap=\skip42
\multlinetaggap=\skip43
\mathdisplay@stack=\toks20
LaTeX Info: Redefining \[ on input line 2665.
LaTeX Info: Redefining \] on input line 2666.
)
Document Class 'sig-alternate' <9th June '13>. Modified by G.K.M. Tobin/Gerry M
urray/Boris Veytsman
Based in part upon document Style `acmconf' <22 May 89>. Hacked 4/91 by
shivers@cs.cmu.edu, 4/93 by theobald@cs.mcgill.ca
Excerpts were taken from (Journal Style) 'esub2acm.cls'.
****** Bugs/comments/suggestions/technicalities to Gerry Murray -- murray@hq.ac
m.org ******
Questions on the style, SIGS policies, etc. to Adrienne Griscti griscti@acm.org

\ACM@basesize=\count92
(C:\miktex.2.9\tex\latex\comment\comment.sty
\CommentStream=\write3
 Excluding comment 'comment')
Excluding comment 'CCSXML'
\footheight=\dimen115
\@maxsep=\dimen116
\@dblmaxsep=\dimen117
 (C:\miktex.2.9\tex\generic\oberdiek\ifpdf.sty
Package: ifpdf 2011/01/30 v2.3 Provides the ifpdf switch (HO)
Package ifpdf Info: pdfTeX in PDF mode is detected.
)
\aucount=\count93
\originalaucount=\count94
\auwidth=\dimen118
\auskip=\dimen119
\auskipcount=\count95
\auskip=\dimen120
\allauboxes=\dimen121
\addauthors=\toks21
\addauflag=\count96
\subtitletext=\toks22
\savesection=\count97
\sectioncntr=\count98
\c@figure=\count99
\c@table=\count100
\titleboxnotes=\toks23
\titleboxnoteflag=\count101


LaTeX Warning: You have requested document class `sig-alternate-05-2015',
               but the document class provides `sig-alternate'.

Document Class: sig-alternate 2013/05/12 v2.7 based on acmproc.cls V1.3 <Nov. 3
0 '99>
(C:\miktex.2.9\tex\latex\base\latexsym.sty
Package: latexsym 1998/08/17 v2.2e Standard LaTeX package (lasy symbols)
\symlasy=\mathgroup6
LaTeX Font Info:    Overwriting symbol font `lasy' in version `bold'
(Font)                  U/lasy/m/n --> U/lasy/b/n on input line 47.
)
\@acmtitlebox=\box28
\titlenotecount=\count102
\tntoks=\toks24
\tntokstwo=\toks25
\tntoksthree=\toks26
\tntoksfour=\toks27
\tntoksfive=\toks28
\catcount=\count103
\conf=\toks29
\confinfo=\toks30
\c@part=\count104
\c@section=\count105
\c@subsection=\count106
\c@subsubsection=\count107
\c@paragraph=\count108

Using 'Abbrev' bibliography style
LaTeX Info: Redefining \cite on input line 1409.
\bibindent=\dimen122
\colcntr=\count109
\saveb@x=\box29
\copyrtyr=\toks31
\acmcopyr=\toks32
\boilerplate=\toks33
(C:\miktex.2.9\tex\latex\url\url.sty
\Urlmuskip=\muskip11
Package: url 2013/09/16  ver 3.4  Verb mode for urls, etc.
)
("C:\Users\stiftech.UNI-AUGSBURG\Desktop\Google Drive\Studium\intsim\Booyaa Fin
al Report Template\Booyaa Final Report Template\acmcopyright.sty"
Package: acmcopyright 2014/06/29 v1.2 Copyright statemens for ACM classes

(C:\miktex.2.9\tex\latex\xkeyval\xkeyval.sty
Package: xkeyval 2012/10/14 v2.6b package option processing (HA)

(C:\miktex.2.9\tex\generic\xkeyval\xkeyval.tex
\XKV@toks=\toks34
\XKV@tempa@toks=\toks35
\XKV@depth=\count110
File: xkeyval.tex 2012/10/14 v2.6b key=value parser (HA)
)))
\copyrightetc=\toks36

(C:\miktex.2.9\tex\latex\base\fontenc.sty
Package: fontenc 2005/09/27 v1.99g Standard LaTeX package

(C:\miktex.2.9\tex\latex\base\t1enc.def
File: t1enc.def 2005/09/27 v1.99g Standard LaTeX file
LaTeX Font Info:    Redeclaring font encoding T1 on input line 43.
)
LaTeX Font Info:    Try loading font information for T1+aer on input line 100.
 (C:\miktex.2.9\tex\latex\ae\t1aer.fd
File: t1aer.fd 1997/11/16 Font definitions for T1/aer.
))) (C:\miktex.2.9\tex\latex\subfloat\subfloat.sty
Package: subfloat 2003/08/21 version 2.14

Package `subfloat', Version 2.14 of 2003/08/21.

Package subfloat Warning: Numbers of floats not counted:
(subfloat)                If you use one of the counters subfloatfiguremax or
(subfloat)                subfloattablemax you will get strange error messages
(subfloat)                containing \c@subfloatfiguremax or
(subfloat)                \c@subfloattablemax:
(subfloat)                Please switch on countmax or remove the code using
(subfloat)                the counter then..

) (C:\miktex.2.9\tex\latex\subfig\subfig.sty
Package: subfig 2005/06/28 ver: 1.3 subfig package

(C:\miktex.2.9\tex\latex\caption\caption.sty
Package: caption 2013/05/02 v3.3-89 Customizing captions (AR)

(C:\miktex.2.9\tex\latex\caption\caption3.sty
Package: caption3 2013/05/02 v1.6-88 caption3 kernel (AR)
Package caption3 Info: TeX engine: e-TeX on input line 57.
\captionmargin=\dimen123
\captionmargin@=\dimen124
\captionwidth=\dimen125
\caption@tempdima=\dimen126
\caption@indent=\dimen127
\caption@parindent=\dimen128
\caption@hangindent=\dimen129
\abovecaptionskip=\skip44
\belowcaptionskip=\skip45
Package caption Info: Unknown document class (or package),
(caption)             standard defaults will be used.
)

Package caption Warning: Unsupported document class (or package) detected,
(caption)                usage of the caption package is not recommended.
See the caption package documentation for explanation.

Package caption Info: \@makecaption = \long macro:#1#2-> \vskip 10pt \setbox \@
tempboxa \hbox {\textbf {#1: #2}} \ifdim \wd \@tempboxa >\hsize \textbf {#1: #2
}\par \else \hbox to\hsize {\hfil \box \@tempboxa \hfil } \fi .
\c@ContinuedFloat=\count111
)
\c@KVtest=\count112
\sf@farskip=\skip46
\sf@captopadj=\dimen130
\sf@capskip=\skip47
\sf@nearskip=\skip48
\c@subfigure=\count113
\c@subfigure@save=\count114
\c@lofdepth=\count115
\c@subtable=\count116
\c@subtable@save=\count117
\c@lotdepth=\count118
\sf@top=\skip49
\sf@bottom=\skip50
)
("C:\Users\stiftech.UNI-AUGSBURG\Desktop\Google Drive\Studium\intsim\Booyaa Fin
al Report Template\Booyaa Final Report Template\bss_chris_stifter_group07.aux")
LaTeX Font Info:    Checking defaults for OML/cmm/m/it on input line 54.
LaTeX Font Info:    ... okay on input line 54.
LaTeX Font Info:    Checking defaults for T1/cmr/m/n on input line 54.
LaTeX Font Info:    ... okay on input line 54.
LaTeX Font Info:    Checking defaults for OT1/cmr/m/n on input line 54.
LaTeX Font Info:    ... okay on input line 54.
LaTeX Font Info:    Checking defaults for OMS/cmsy/m/n on input line 54.
LaTeX Font Info:    ... okay on input line 54.
LaTeX Font Info:    Checking defaults for OMX/cmex/m/n on input line 54.
LaTeX Font Info:    ... okay on input line 54.
LaTeX Font Info:    Checking defaults for U/cmr/m/n on input line 54.
LaTeX Font Info:    ... okay on input line 54.
(C:\miktex.2.9\tex\context\base\supp-pdf.mkii
[Loading MPS to PDF converter (version 2006.09.02).]
\scratchcounter=\count119
\scratchdimen=\dimen131
\scratchbox=\box30
\nofMPsegments=\count120
\nofMParguments=\count121
\everyMPshowfont=\toks37
\MPscratchCnt=\count122
\MPscratchDim=\dimen132
\MPnumerator=\count123
\makeMPintoPDFobject=\count124
\everyMPtoPDFconversion=\toks38
)
Package caption Info: Begin \AtBeginDocument code.
Package caption Info: subfig package v1.3 is loaded.
Package caption Info: End \AtBeginDocument code.
LaTeX Font Info:    Try loading font information for U+msa on input line 143.
 (C:\miktex.2.9\tex\latex\amsfonts\umsa.fd
File: umsa.fd 2013/01/14 v3.01 AMS symbols A
)
LaTeX Font Info:    Try loading font information for U+msb on input line 143.

(C:\miktex.2.9\tex\latex\amsfonts\umsb.fd
File: umsb.fd 2013/01/14 v3.01 AMS symbols B
)
LaTeX Font Info:    Try loading font information for U+lasy on input line 143.

(C:\miktex.2.9\tex\latex\base\ulasy.fd
File: ulasy.fd 1998/08/17 v2.2e LaTeX symbol font definitions
)
<Figures/island_topview.png, id=1, 967.36406pt x 676.77844pt>
File: Figures/island_topview.png Graphic file (type png)

<use Figures/island_topview.png>
Package pdftex.def Info: Figures/island_topview.png used on input line 151.
(pdftex.def)             Requested size: 251.99582pt x 142.26192pt.

<Figures/island.png, id=2, 1435.61343pt x 679.78969pt>
File: Figures/island.png Graphic file (type png)

<use Figures/island.png>
Package pdftex.def Info: Figures/island.png used on input line 153.
(pdftex.def)             Requested size: 251.98091pt x 142.26215pt.

Overfull \hbox (6.13246pt too wide) in paragraph at lines 151--154
[][][] 
 []

[1{C:/Users/stiftech.UNI-AUGSBURG/AppData/Local/MiKTeX/2.9/pdftex/config/pdftex
.map}


] <Figures/gorilla.png, id=11, 271.76532pt x 298.11375pt>
File: Figures/gorilla.png Graphic file (type png)

<use Figures/gorilla.png>
Package pdftex.def Info: Figures/gorilla.png used on input line 195.
(pdftex.def)             Requested size: 118.44087pt x 125.19327pt.
 <Figures/dino.png, id=13, 338.01282pt x 283.0575pt>
File: Figures/dino.png Graphic file (type png)

<use Figures/dino.png>
Package pdftex.def Info: Figures/dino.png used on input line 197.
(pdftex.def)             Requested size: 118.44035pt x 125.18922pt.

Overfull \hbox (3.03696pt too wide) in paragraph at lines 195--198
[][][] 
 []

<Figures/gui.png, id=14, 1444.64719pt x 682.80093pt>
File: Figures/gui.png Graphic file (type png)
 <use Figures/gui.png>
Package pdftex.def Info: Figures/gui.png used on input line 206.
(pdftex.def)             Requested size: 236.88062pt x 111.95923pt.
File: Figures/island.png Graphic file (type png)

<use Figures/island.png>
Package pdftex.def Info: Figures/island.png used on input line 224.
(pdftex.def)             Requested size: 252.0pt x 119.31764pt.

<Figures/island_reducedvision.png, id=15, 1440.13031pt x 685.8122pt>
File: Figures/island_reducedvision.png Graphic file (type png)

<use Figures/island_reducedvision.png>
Package pdftex.def Info: Figures/island_reducedvision.png used on input line 22
6.
(pdftex.def)             Requested size: 252.0pt x 119.998pt.

<Figures/island_reducedvision_highres.png, id=16, 1443.14156pt x 684.30656pt>
File: Figures/island_reducedvision_highres.png Graphic file (type png)

<use Figures/island_reducedvision_highres.png>
Package pdftex.def Info: Figures/island_reducedvision_highres.png used on input
 line 228.
(pdftex.def)             Requested size: 252.0pt x 119.48395pt.

<Figures/island_reducedvision_lowres.png, id=17, 1444.64719pt x 685.8122pt>
File: Figures/island_reducedvision_lowres.png Graphic file (type png)

<use Figures/island_reducedvision_lowres.png>
Package pdftex.def Info: Figures/island_reducedvision_lowres.png used on input 
line 230.
(pdftex.def)             Requested size: 252.0pt x 119.62128pt.

Overfull \hbox (6.15573pt too wide) in paragraph at lines 224--231
[][][] 
 []


Overfull \hbox (6.15573pt too wide) in paragraph at lines 224--231
[][] 
 []

<Figures/co2.png, id=18, 1441.63594pt x 685.8122pt>
File: Figures/co2.png Graphic file (type png)
 <use Figures/co2.png>
Package pdftex.def Info: Figures/co2.png used on input line 237.
(pdftex.def)             Requested size: 236.88062pt x 112.68321pt.

[2 <C:/Users/stiftech.UNI-AUGSBURG/Desktop/Google Drive/Studium/intsim/Booyaa F
inal Report Template/Booyaa Final Report Template/Figures/island_topview.png> <
C:/Users/stiftech.UNI-AUGSBURG/Desktop/Google Drive/Studium/intsim/Booyaa Final
 Report Template/Booyaa Final Report Template/Figures/island.png> <C:/Users/sti
ftech.UNI-AUGSBURG/Desktop/Google Drive/Studium/intsim/Booyaa Final Report Temp
late/Booyaa Final Report Template/Figures/gorilla.png> <C:/Users/stiftech.UNI-A
UGSBURG/Desktop/Google Drive/Studium/intsim/Booyaa Final Report Template/Booyaa
 Final Report Template/Figures/dino.png> <C:/Users/stiftech.UNI-AUGSBURG/Deskto
p/Google Drive/Studium/intsim/Booyaa Final Report Template/Booyaa Final Report 
Template/Figures/gui.png>]
<Figures/flickr.png, id=27, 1440.13031pt x 684.30656pt>
File: Figures/flickr.png Graphic file (type png)

<use Figures/flickr.png>
Package pdftex.def Info: Figures/flickr.png used on input line 251.
(pdftex.def)             Requested size: 236.88062pt x 112.55069pt.
 <Figures/heat.png, id=28, 1440.13031pt x 685.8122pt>
File: Figures/heat.png Graphic file (type png)

<use Figures/heat.png>
Package pdftex.def Info: Figures/heat.png used on input line 258.
(pdftex.def)             Requested size: 236.88062pt x 112.79832pt.
 <Figures/danger.png, id=29, 1440.13031pt x 681.29532pt>
File: Figures/danger.png Graphic file (type png)

<use Figures/danger.png>
Package pdftex.def Info: Figures/danger.png used on input line 266.
(pdftex.def)             Requested size: 236.88062pt x 112.05542pt.
 [3 <C:/Users/stiftech.UNI-AUGSBURG/Desktop/Google Drive/Studium/intsim/Booyaa 
Final Report Template/Booyaa Final Report Template/Figures/island_reducedvision
.png> <C:/Users/stiftech.UNI-AUGSBURG/Desktop/Google Drive/Studium/intsim/Booya
a Final Report Template/Booyaa Final Report Template/Figures/island_reducedvisi
on_highres.png> <C:/Users/stiftech.UNI-AUGSBURG/Desktop/Google Drive/Studium/in
tsim/Booyaa Final Report Template/Booyaa Final Report Template/Figures/island_r
educedvision_lowres.png> <C:/Users/stiftech.UNI-AUGSBURG/Desktop/Google Drive/S
tudium/intsim/Booyaa Final Report Template/Booyaa Final Report Template/Figures
/co2.png> <C:/Users/stiftech.UNI-AUGSBURG/Desktop/Google Drive/Studium/intsim/B
ooyaa Final Report Template/Booyaa Final Report Template/Figures/flickr.png>]
<Figures/compoundeye_real.png, id=33, 181.42781pt x 141.52875pt>
File: Figures/compoundeye_real.png Graphic file (type png)

<use Figures/compoundeye_real.png>
Package pdftex.def Info: Figures/compoundeye_real.png used on input line 296.
(pdftex.def)             Requested size: 236.88062pt x 184.7907pt.
 [4 <C:/Users/stiftech.UNI-AUGSBURG/Desktop/Google Drive/Studium/intsim/Booyaa 
Final Report Template/Booyaa Final Report Template/Figures/heat.png> <C:/Users/
stiftech.UNI-AUGSBURG/Desktop/Google Drive/Studium/intsim/Booyaa Final Report T
emplate/Booyaa Final Report Template/Figures/danger.png> <C:/Users/stiftech.UNI
-AUGSBURG/Desktop/Google Drive/Studium/intsim/Booyaa Final Report Template/Booy
aa Final Report Template/Figures/compoundeye_real.png>]
Overfull \hbox (2.18489pt too wide) in paragraph at lines 320--322
\T1/aer/m/n/9 adap-ta-tion pro-cess to the alien vi-sual per-cep-tion of the wo
rld.
 []

[5] <Figures/Panini_fisheye.jpg, id=40, 3468.96pt x 2312.64pt>
File: Figures/Panini_fisheye.jpg Graphic file (type jpg)

<use Figures/Panini_fisheye.jpg>
Package pdftex.def Info: Figures/Panini_fisheye.jpg used on input line 350.
(pdftex.def)             Requested size: 118.40887pt x 85.32637pt.

<Figures/Panini_nofisheye.jpg, id=41, 2081.376pt x 1300.25775pt>
File: Figures/Panini_nofisheye.jpg Graphic file (type jpg)

<use Figures/Panini_nofisheye.jpg>
Package pdftex.def Info: Figures/Panini_nofisheye.jpg used on input line 352.
(pdftex.def)             Requested size: 118.43005pt x 85.35301pt.

Overfull \hbox (2.99466pt too wide) in paragraph at lines 350--353
[][][] 
 []


("C:\Users\stiftech.UNI-AUGSBURG\Desktop\Google Drive\Studium\intsim\Booyaa Fin
al Report Template\Booyaa Final Report Template\bss_chris_stifter_group07.bbl")
[6 <C:/Users/stiftech.UNI-AUGSBURG/Desktop/Google Drive/Studium/intsim/Booyaa F
inal Report Template/Booyaa Final Report Template/Figures/Panini_fisheye.jpg> <
C:/Users/stiftech.UNI-AUGSBURG/Desktop/Google Drive/Studium/intsim/Booyaa Final
 Report Template/Booyaa Final Report Template/Figures/Panini_nofisheye.jpg>]
("C:\Users\stiftech.UNI-AUGSBURG\Desktop\Google Drive\Studium\intsim\Booyaa Fin
al Report Template\Booyaa Final Report Template\bss_chris_stifter_group07.aux")
 ) 
Here is how much of TeX's memory you used:
 4151 strings out of 493921
 58907 string characters out of 3143225
 130276 words of memory out of 3000000
 7363 multiletter control sequences out of 15000+200000
 44167 words of font info for 58 fonts, out of 3000000 for 9000
 841 hyphenation exceptions out of 8191
 61i,10n,96p,1211b,425s stack positions out of 5000i,500n,10000p,200000b,50000s
{C:/miktex.2.9/fonts/enc/dvips/fontname/8r.enc}<C:/miktex.2.9/fonts/type1/pub
lic/amsfonts/cm/cmmi9.pfb><C:/miktex.2.9/fonts/type1/public/amsfonts/cm/cmr6.pf
b><C:/miktex.2.9/fonts/type1/public/amsfonts/cm/cmr9.pfb><C:/miktex.2.9/fonts/t
ype1/public/amsfonts/cm/cmti9.pfb><C:/miktex.2.9/fonts/type1/urw/helvetic/uhvb8
a.pfb><C:/miktex.2.9/fonts/type1/urw/helvetic/uhvr8a.pfb><C:/miktex.2.9/fonts/t
ype1/urw/times/utmb8a.pfb>
Output written on bss_chris_stifter_group07.pdf (6 pages, 13493612 bytes).
PDF statistics:
 68 PDF objects out of 1000 (max. 8388607)
 0 named destinations out of 1000 (max. 500000)
 76 words of extra memory for PDF output out of 10000 (max. 10000000)

